<?xml version="1.0" encoding="UTF-8"?>
<testng-results ignored="0" total="6" passed="6" failed="0" skipped="0">
  <reporter-output>
  </reporter-output>
  <suite started-at="2022-05-23T12:48:02 CEST" name="Command line suite" finished-at="2022-05-23T12:48:02 CEST" duration-ms="80">
    <groups>
    </groups>
    <test started-at="2022-05-23T12:48:02 CEST" name="Command line test" finished-at="2022-05-23T12:48:02 CEST" duration-ms="80">
      <class name="qaclickacademy.AppiumTest">
        <test-method signature="IOSApps()[pri:0, instance:qaclickacademy.AppiumTest@5b0abc94]" started-at="2022-05-23T12:48:02 CEST" name="IOSApps" finished-at="2022-05-23T12:48:02 CEST" duration-ms="7" status="PASS">
          <reporter-output>
          </reporter-output>
        </test-method> <!-- IOSApps -->
        <test-method signature="nativeAPAndroid()[pri:0, instance:qaclickacademy.AppiumTest@5b0abc94]" started-at="2022-05-23T12:48:02 CEST" name="nativeAPAndroid" finished-at="2022-05-23T12:48:02 CEST" duration-ms="1" status="PASS">
          <reporter-output>
          </reporter-output>
        </test-method> <!-- nativeAPAndroid -->
      </class> <!-- qaclickacademy.AppiumTest -->
      <class name="qaclickacademy.RESTAPITest">
        <test-method signature="deleteTwitter()[pri:0, instance:qaclickacademy.RESTAPITest@240237d2]" started-at="2022-05-23T12:48:02 CEST" name="deleteTwitter" finished-at="2022-05-23T12:48:02 CEST" duration-ms="0" status="PASS">
          <reporter-output>
          </reporter-output>
        </test-method> <!-- deleteTwitter -->
        <test-method signature="postJira()[pri:0, instance:qaclickacademy.RESTAPITest@240237d2]" started-at="2022-05-23T12:48:02 CEST" name="postJira" finished-at="2022-05-23T12:48:02 CEST" duration-ms="0" status="PASS">
          <reporter-output>
          </reporter-output>
        </test-method> <!-- postJira -->
      </class> <!-- qaclickacademy.RESTAPITest -->
      <class name="qaclickacademy.SeleniumTest">
        <test-method signature="browserAutomation()[pri:0, instance:qaclickacademy.SeleniumTest@25a65b77]" started-at="2022-05-23T12:48:02 CEST" name="browserAutomation" finished-at="2022-05-23T12:48:02 CEST" duration-ms="1" status="PASS">
          <reporter-output>
          </reporter-output>
        </test-method> <!-- browserAutomation -->
        <test-method signature="elementsUi()[pri:0, instance:qaclickacademy.SeleniumTest@25a65b77]" started-at="2022-05-23T12:48:02 CEST" name="elementsUi" finished-at="2022-05-23T12:48:02 CEST" duration-ms="1" status="PASS">
          <reporter-output>
          </reporter-output>
        </test-method> <!-- elementsUi -->
      </class> <!-- qaclickacademy.SeleniumTest -->
    </test> <!-- Command line test -->
  </suite> <!-- Command line suite -->
</testng-results>
